TN:
SF:src\lib\format.js
FN:2,(anonymous_0)
FN:9,(anonymous_1)
FN:11,(anonymous_2)
FN:23,(anonymous_3)
FN:25,(anonymous_4)
FN:32,(anonymous_5)
FN:37,(anonymous_6)
FN:45,(anonymous_7)
FN:51,(anonymous_8)
FN:57,(anonymous_9)
FNF:10
FNH:10
FNDA:2,(anonymous_0)
FNDA:1,(anonymous_1)
FNDA:4,(anonymous_2)
FNDA:36,(anonymous_3)
FNDA:27,(anonymous_4)
FNDA:10,(anonymous_5)
FNDA:4,(anonymous_6)
FNDA:2,(anonymous_7)
FNDA:13,(anonymous_8)
FNDA:6,(anonymous_9)
DA:2,1
DA:3,2
DA:4,2
DA:5,2
DA:6,2
DA:9,1
DA:11,1
DA:12,4
DA:13,4
DA:14,3
DA:15,2
DA:16,2
DA:17,1
DA:20,1
DA:23,36
DA:25,1
DA:26,27
DA:27,22
DA:28,7
DA:29,7
DA:32,1
DA:33,10
DA:34,10
DA:37,1
DA:38,4
DA:39,4
DA:40,3
DA:41,2
DA:42,1
DA:45,1
DA:46,2
DA:47,2
DA:51,1
DA:52,13
DA:53,13
DA:57,1
DA:58,6
DA:59,6
DA:60,6
DA:62,1
DA:64,1
DA:65,1
DA:66,1
DA:67,1
DA:70,1
DA:71,1
DA:72,1
DA:74,1
DA:75,1
DA:76,1
DA:77,1
DA:80,1
DA:81,1
DA:82,1
DA:85,1
DA:87,6
LF:56
LH:56
BRDA:2,0,0,2
BRDA:3,1,0,2
BRDA:3,1,1,0
BRDA:4,2,0,1
BRDA:4,2,1,1
BRDA:5,3,0,1
BRDA:5,3,1,1
BRDA:9,4,0,1
BRDA:9,4,1,0
BRDA:13,5,0,1
BRDA:13,5,1,3
BRDA:13,6,0,4
BRDA:13,6,1,4
BRDA:14,7,0,1
BRDA:14,7,1,2
BRDA:16,8,0,1
BRDA:16,8,1,1
BRDA:26,9,0,5
BRDA:26,9,1,22
BRDA:27,10,0,15
BRDA:27,10,1,7
BRDA:27,11,0,1
BRDA:27,11,1,14
BRDA:29,12,0,2
BRDA:29,12,1,5
BRDA:34,13,0,5
BRDA:34,13,1,5
BRDA:39,14,0,1
BRDA:39,14,1,3
BRDA:39,15,0,4
BRDA:39,15,1,2
BRDA:40,16,0,1
BRDA:40,16,1,2
BRDA:41,17,0,1
BRDA:41,17,1,1
BRDA:47,18,0,1
BRDA:47,18,1,1
BRDA:53,19,0,13
BRDA:53,19,1,0
BRDA:57,20,0,6
BRDA:60,21,0,1
BRDA:60,21,1,1
BRDA:60,21,2,1
BRDA:60,21,3,1
BRDA:60,21,4,1
BRDA:60,21,5,1
BRDA:64,22,0,1
BRDA:64,22,1,0
BRF:48
BRH:44
end_of_record
TN:
SF:src\lib\validators.js
FN:2,validateIBAN
FN:6,(anonymous_1)
FN:11,validateTaxNumberByType
FN:29,validateTCKN
FN:37,(anonymous_4)
FN:42,validateVKN
FN:48,validateEmail
FNF:7
FNH:7
FNDA:2,validateIBAN
FNDA:2,(anonymous_1)
FNDA:3,validateTaxNumberByType
FNDA:4,validateTCKN
FNDA:20,(anonymous_4)
FNDA:3,validateVKN
FNDA:2,validateEmail
DA:3,2
DA:4,2
DA:5,1
DA:6,2
DA:7,1
DA:8,28
DA:9,1
DA:12,3
DA:14,3
DA:15,0
DA:18,3
DA:19,1
DA:22,2
DA:23,1
DA:26,1
DA:30,4
DA:31,4
DA:32,3
DA:33,2
DA:34,2
DA:35,2
DA:36,2
DA:37,20
DA:38,2
DA:39,2
DA:43,3
DA:44,3
DA:45,2
DA:49,2
LF:29
LH:28
BRDA:3,0,0,2
BRDA:3,0,1,0
BRDA:4,1,0,1
BRDA:4,1,1,1
BRDA:9,2,0,1
BRDA:9,2,1,0
BRDA:12,3,0,3
BRDA:12,3,1,1
BRDA:14,4,0,0
BRDA:14,4,1,3
BRDA:14,5,0,3
BRDA:14,5,1,3
BRDA:18,6,0,1
BRDA:18,6,1,2
BRDA:22,7,0,1
BRDA:22,7,1,1
BRDA:30,8,0,4
BRDA:30,8,1,0
BRDA:31,9,0,1
BRDA:31,9,1,3
BRDA:32,10,0,1
BRDA:32,10,1,2
BRDA:38,11,0,0
BRDA:38,11,1,2
BRDA:38,12,0,2
BRDA:38,12,1,2
BRDA:43,13,0,3
BRDA:43,13,1,0
BRDA:44,14,0,1
BRDA:44,14,1,2
BRDA:49,15,0,1
BRDA:49,15,1,1
BRDA:49,16,0,2
BRDA:49,16,1,0
BRF:34
BRH:27
end_of_record
TN:
SF:src\services\invoiceService.js
FN:4,(anonymous_0)
FN:4,(anonymous_1)
FN:5,(anonymous_2)
FN:5,(anonymous_3)
FN:6,(anonymous_4)
FN:6,(anonymous_5)
FN:7,(anonymous_6)
FN:7,(anonymous_7)
FN:8,(anonymous_8)
FN:8,(anonymous_9)
FN:9,(anonymous_10)
FN:9,(anonymous_11)
FN:10,(anonymous_12)
FN:10,(anonymous_13)
FN:11,(anonymous_14)
FN:11,(anonymous_15)
FN:12,(anonymous_16)
FN:12,(anonymous_17)
FN:13,(anonymous_18)
FN:13,(anonymous_19)
FN:14,(anonymous_20)
FN:14,(anonymous_21)
FN:15,(anonymous_22)
FN:15,(anonymous_23)
FN:16,(anonymous_24)
FN:16,(anonymous_25)
FN:17,(anonymous_26)
FN:17,(anonymous_27)
FN:18,(anonymous_28)
FN:18,(anonymous_29)
FN:19,(anonymous_30)
FN:19,(anonymous_31)
FN:20,(anonymous_32)
FN:20,(anonymous_33)
FN:21,(anonymous_34)
FN:21,(anonymous_35)
FN:22,(anonymous_36)
FN:22,(anonymous_37)
FN:23,(anonymous_38)
FN:23,(anonymous_39)
FN:24,(anonymous_40)
FN:24,(anonymous_41)
FN:25,(anonymous_42)
FN:25,(anonymous_43)
FN:26,(anonymous_44)
FN:26,(anonymous_45)
FNF:46
FNH:46
FNDA:2,(anonymous_0)
FNDA:2,(anonymous_1)
FNDA:1,(anonymous_2)
FNDA:1,(anonymous_3)
FNDA:1,(anonymous_4)
FNDA:1,(anonymous_5)
FNDA:1,(anonymous_6)
FNDA:1,(anonymous_7)
FNDA:1,(anonymous_8)
FNDA:1,(anonymous_9)
FNDA:1,(anonymous_10)
FNDA:1,(anonymous_11)
FNDA:1,(anonymous_12)
FNDA:1,(anonymous_13)
FNDA:1,(anonymous_14)
FNDA:1,(anonymous_15)
FNDA:1,(anonymous_16)
FNDA:1,(anonymous_17)
FNDA:1,(anonymous_18)
FNDA:1,(anonymous_19)
FNDA:1,(anonymous_20)
FNDA:1,(anonymous_21)
FNDA:1,(anonymous_22)
FNDA:1,(anonymous_23)
FNDA:1,(anonymous_24)
FNDA:1,(anonymous_25)
FNDA:1,(anonymous_26)
FNDA:1,(anonymous_27)
FNDA:1,(anonymous_28)
FNDA:1,(anonymous_29)
FNDA:1,(anonymous_30)
FNDA:1,(anonymous_31)
FNDA:1,(anonymous_32)
FNDA:1,(anonymous_33)
FNDA:1,(anonymous_34)
FNDA:1,(anonymous_35)
FNDA:1,(anonymous_36)
FNDA:1,(anonymous_37)
FNDA:1,(anonymous_38)
FNDA:1,(anonymous_39)
FNDA:1,(anonymous_40)
FNDA:1,(anonymous_41)
FNDA:1,(anonymous_42)
FNDA:1,(anonymous_43)
FNDA:1,(anonymous_44)
FNDA:1,(anonymous_45)
DA:2,1
DA:3,1
DA:4,2
DA:5,1
DA:6,1
DA:7,1
DA:8,1
DA:9,1
DA:10,1
DA:11,1
DA:12,1
DA:13,1
DA:14,1
DA:15,1
DA:16,1
DA:17,1
DA:18,1
DA:19,1
DA:20,1
DA:21,1
DA:22,1
DA:23,1
DA:24,1
DA:25,1
DA:26,1
LF:25
LH:25
BRDA:4,0,0,2
BRDA:4,0,1,1
BRF:2
BRH:2
end_of_record
TN:
SF:src\services\reportService.js
FN:4,(anonymous_0)
FN:4,(anonymous_1)
FN:5,(anonymous_2)
FN:5,(anonymous_3)
FN:6,(anonymous_4)
FN:6,(anonymous_5)
FN:7,(anonymous_6)
FN:7,(anonymous_7)
FN:8,(anonymous_8)
FN:8,(anonymous_9)
FN:9,(anonymous_10)
FN:9,(anonymous_11)
FN:10,(anonymous_12)
FN:10,(anonymous_13)
FN:11,(anonymous_14)
FN:11,(anonymous_15)
FN:12,(anonymous_16)
FN:12,(anonymous_17)
FN:13,(anonymous_18)
FN:13,(anonymous_19)
FNF:20
FNH:20
FNDA:1,(anonymous_0)
FNDA:1,(anonymous_1)
FNDA:1,(anonymous_2)
FNDA:1,(anonymous_3)
FNDA:1,(anonymous_4)
FNDA:1,(anonymous_5)
FNDA:1,(anonymous_6)
FNDA:1,(anonymous_7)
FNDA:1,(anonymous_8)
FNDA:1,(anonymous_9)
FNDA:1,(anonymous_10)
FNDA:1,(anonymous_11)
FNDA:1,(anonymous_12)
FNDA:1,(anonymous_13)
FNDA:1,(anonymous_14)
FNDA:1,(anonymous_15)
FNDA:1,(anonymous_16)
FNDA:1,(anonymous_17)
FNDA:1,(anonymous_18)
FNDA:1,(anonymous_19)
DA:2,1
DA:3,1
DA:4,1
DA:5,1
DA:6,1
DA:7,1
DA:8,1
DA:9,1
DA:10,1
DA:11,1
DA:12,1
DA:13,1
LF:12
LH:12
BRF:0
BRH:0
end_of_record
